0 info it worked if it ends with ok
1 verbose cli [ 'D:\\Program Files\\nodejs\\node.exe',
1 verbose cli   'D:\\Program Files\\nodejs\\node_modules\\npm\\bin\\npm-cli.js',
1 verbose cli   'start' ]
2 info using npm@3.8.6
3 info using node@v6.0.0
4 verbose run-script [ 'prestart', 'start', 'poststart' ]
5 info lifecycle weixiaoblog@0.0.0~prestart: weixiaoblog@0.0.0
6 silly lifecycle weixiaoblog@0.0.0~prestart: no script for prestart, continuing
7 info lifecycle weixiaoblog@0.0.0~start: weixiaoblog@0.0.0
8 verbose lifecycle weixiaoblog@0.0.0~start: unsafe-perm in lifecycle true
9 verbose lifecycle weixiaoblog@0.0.0~start: PATH: D:\Program Files\nodejs\node_modules\npm\bin\node-gyp-bin;I:\IDEA\第四期全日制\NODE\blog\weixiaoblog\node_modules\.bin;D:\Program Files\nodejs;C:\ProgramData\Oracle\Java\javapath;C:\Users\wx\AppData\Roaming\npm;C:\WINDOWS\system32;C:\WINDOWS;C:\WINDOWS\System32\Wbem;C:\WINDOWS\System32\WindowsPowerShell\v1.0\;D:\Program Files\nodejs\;D:\Program Files (x86)\Bitvise SSH Client;C:\ProgramData\chocolatey\bin;C:\tools\python2;C:\Users\wx\AppData\Local\Android\sdk\tools;C:\Users\wx\AppData\Local\Android\sdk\platform-tools;D:\Program Files\Git\bin;C:\Users\wx\AppData\Roaming\npm
10 verbose lifecycle weixiaoblog@0.0.0~start: CWD: I:\IDEA\第四期全日制\NODE\blog\weixiaoblog
11 silly lifecycle weixiaoblog@0.0.0~start: Args: [ '/d /s /c', 'node ./bin/www' ]
12 silly lifecycle weixiaoblog@0.0.0~start: Returned: code: 1  signal: null
13 info lifecycle weixiaoblog@0.0.0~start: Failed to exec start script
14 verbose stack Error: weixiaoblog@0.0.0 start: `node ./bin/www`
14 verbose stack Exit status 1
14 verbose stack     at EventEmitter.<anonymous> (D:\Program Files\nodejs\node_modules\npm\lib\utils\lifecycle.js:239:16)
14 verbose stack     at emitTwo (events.js:106:13)
14 verbose stack     at EventEmitter.emit (events.js:191:7)
14 verbose stack     at ChildProcess.<anonymous> (D:\Program Files\nodejs\node_modules\npm\lib\utils\spawn.js:24:14)
14 verbose stack     at emitTwo (events.js:106:13)
14 verbose stack     at ChildProcess.emit (events.js:191:7)
14 verbose stack     at maybeClose (internal/child_process.js:850:16)
14 verbose stack     at Process.ChildProcess._handle.onexit (internal/child_process.js:215:5)
15 verbose pkgid weixiaoblog@0.0.0
16 verbose cwd I:\IDEA\第四期全日制\NODE\blog\weixiaoblog
17 error Windows_NT 10.0.10586
18 error argv "D:\\Program Files\\nodejs\\node.exe" "D:\\Program Files\\nodejs\\node_modules\\npm\\bin\\npm-cli.js" "start"
19 error node v6.0.0
20 error npm  v3.8.6
21 error code ELIFECYCLE
22 error weixiaoblog@0.0.0 start: `node ./bin/www`
22 error Exit status 1
23 error Failed at the weixiaoblog@0.0.0 start script 'node ./bin/www'.
23 error Make sure you have the latest version of node.js and npm installed.
23 error If you do, this is most likely a problem with the weixiaoblog package,
23 error not with npm itself.
23 error Tell the author that this fails on your system:
23 error     node ./bin/www
23 error You can get information on how to open an issue for this project with:
23 error     npm bugs weixiaoblog
23 error Or if that isn't available, you can get their info via:
23 error     npm owner ls weixiaoblog
23 error There is likely additional logging output above.
24 verbose exit [ 1, true ]
